Flow report for Lab7VHDL3
Tue Oct 07 18:17:42 2014
Quartus II Version 11.0 Build 208 07/03/2011 Service Pack 1 SJ Full Version


---------------------
; Table of Contents ;
---------------------
  1. Legal Notice
  2. Flow Summary
  3. Flow Settings
  4. Flow Non-Default Global Settings
  5. Flow Elapsed Time
  6. Flow OS Summary
  7. Flow Log



----------------
; Legal Notice ;
----------------
Copyright (C) 1991-2011 Altera Corporation
Your use of Altera Corporation's design tools, logic functions 
and other software and tools, and its AMPP partner logic 
functions, and any output files from any of the foregoing 
(including device programming or simulation files), and any 
associated documentation or information are expressly subject 
to the terms and conditions of the Altera Program License 
Subscription Agreement, Altera MegaCore Function License 
Agreement, or other applicable license agreement, including, 
without limitation, that your use is for the sole purpose of 
programming logic devices manufactured by Altera and sold by 
Altera or its authorized distributors.  Please refer to the 
applicable agreement for further details.



+-------------------------------------------------------------------------------------+
; Flow Summary                                                                        ;
+------------------------------------+------------------------------------------------+
; Flow Status                        ; Successful - Tue Oct 07 18:17:34 2014          ;
; Quartus II Version                 ; 11.0 Build 208 07/03/2011 SP 1 SJ Full Version ;
; Revision Name                      ; Lab7VHDL3                                      ;
; Top-level Entity Name              ; ALU                                            ;
; Family                             ; Cyclone II                                     ;
; Device                             ; EP2C20F484C7                                   ;
; Timing Models                      ; Final                                          ;
; Total logic elements               ; 113 / 18,752 ( < 1 % )                         ;
;     Total combinational functions  ; 113 / 18,752 ( < 1 % )                         ;
;     Dedicated logic registers      ; 0 / 18,752 ( 0 % )                             ;
; Total registers                    ; 0                                              ;
; Total pins                         ; 56 / 315 ( 18 % )                              ;
; Total virtual pins                 ; 0                                              ;
; Total memory bits                  ; 0 / 239,616 ( 0 % )                            ;
; Embedded Multiplier 9-bit elements ; 0 / 52 ( 0 % )                                 ;
; Total PLLs                         ; 0 / 4 ( 0 % )                                  ;
+------------------------------------+------------------------------------------------+


+-----------------------------------------+
; Flow Settings                           ;
+-------------------+---------------------+
; Option            ; Setting             ;
+-------------------+---------------------+
; Start date & time ; 10/07/2014 18:16:53 ;
; Main task         ; Compilation         ;
; Revision Name     ; Lab7VHDL3           ;
+-------------------+---------------------+


+------------------------------------------------------------------------------------------------------------------+
; Flow Non-Default Global Settings                                                                                 ;
+-------------------------------------+---------------------------------+---------------+-------------+------------+
; Assignment Name                     ; Value                           ; Default Value ; Entity Name ; Section Id ;
+-------------------------------------+---------------------------------+---------------+-------------+------------+
; COMPILER_SIGNATURE_ID               ; 123633790392268.141272381204092 ; --            ; --          ; --         ;
; MAX_CORE_JUNCTION_TEMP              ; 85                              ; --            ; --          ; --         ;
; MIN_CORE_JUNCTION_TEMP              ; 0                               ; --            ; --          ; --         ;
; PARTITION_COLOR                     ; 16764057                        ; --            ; ALU         ; Top        ;
; PARTITION_FITTER_PRESERVATION_LEVEL ; PLACEMENT_AND_ROUTING           ; --            ; ALU         ; Top        ;
; PARTITION_NETLIST_TYPE              ; SOURCE                          ; --            ; ALU         ; Top        ;
; TOP_LEVEL_ENTITY                    ; ALU                             ; Lab7VHDL3     ; --          ; --         ;
+-------------------------------------+---------------------------------+---------------+-------------+------------+


+-------------------------------------------------------------------------------------------------------------------------------+
; Flow Elapsed Time                                                                                                             ;
+---------------------------+--------------+-------------------------+---------------------+------------------------------------+
; Module Name               ; Elapsed Time ; Average Processors Used ; Peak Virtual Memory ; Total CPU Time (on all processors) ;
+---------------------------+--------------+-------------------------+---------------------+------------------------------------+
; Analysis & Synthesis      ; 00:00:14     ; 1.0                     ; 292 MB              ; 00:00:03                           ;
; Fitter                    ; 00:00:09     ; 1.0                     ; 362 MB              ; 00:00:04                           ;
; Assembler                 ; 00:00:07     ; 1.0                     ; 281 MB              ; 00:00:02                           ;
; TimeQuest Timing Analyzer ; 00:00:15     ; 1.0                     ; 268 MB              ; 00:00:03                           ;
; Total                     ; 00:00:45     ; --                      ; --                  ; 00:00:12                           ;
+---------------------------+--------------+-------------------------+---------------------+------------------------------------+


+----------------------------------------------------------------------------------------+
; Flow OS Summary                                                                        ;
+---------------------------+------------------+-----------+------------+----------------+
; Module Name               ; Machine Hostname ; OS Name   ; OS Version ; Processor type ;
+---------------------------+------------------+-----------+------------+----------------+
; Analysis & Synthesis      ; CSELAB4-68       ; Windows 7 ; 6.1        ; x86_64         ;
; Fitter                    ; CSELAB4-68       ; Windows 7 ; 6.1        ; x86_64         ;
; Assembler                 ; CSELAB4-68       ; Windows 7 ; 6.1        ; x86_64         ;
; TimeQuest Timing Analyzer ; CSELAB4-68       ; Windows 7 ; 6.1        ; x86_64         ;
+---------------------------+------------------+-----------+------------+----------------+


------------
; Flow Log ;
------------
quartus_map --read_settings_files=on --write_settings_files=off Lab7VHDL3 -c Lab7VHDL3
quartus_fit --read_settings_files=off --write_settings_files=off Lab7VHDL3 -c Lab7VHDL3
quartus_asm --read_settings_files=off --write_settings_files=off Lab7VHDL3 -c Lab7VHDL3
quartus_sta Lab7VHDL3 -c Lab7VHDL3



